{"F:\\Programming Task\\Projects\\e2b-translator-complete\\e2b-translator\\src\\components\\Header.tsx": {"path":"F:\\Programming Task\\Projects\\e2b-translator-complete\\e2b-translator\\src\\components\\Header.tsx","statementMap":{"0":{"start":{"line":2,"column":0},"end":{"line":2,"column":42}},"1":{"start":{"line":3,"column":0},"end":{"line":3,"column":40}},"2":{"start":{"line":7,"column":20},"end":{"line":7,"column":74}},"3":{"start":{"line":7,"column":54},"end":{"line":7,"column":73}},"4":{"start":{"line":9,"column":4},"end":{"line":16,"column":6}},"5":{"start":{"line":19,"column":0},"end":{"line":19,"column":22}}},"fnMap":{"0":{"name":"Header","decl":{"start":{"line":6,"column":9},"end":{"line":6,"column":15}},"loc":{"start":{"line":6,"column":15},"end":{"line":17,"column":1}}},"1":{"name":"(anonymous_1)","decl":{"start":{"line":7,"column":32},"end":{"line":7,"column":33}},"loc":{"start":{"line":7,"column":54},"end":{"line":7,"column":73}}}},"branchMap":{"0":{"loc":{"start":{"line":13,"column":17},"end":{"line":13,"column":268}},"type":"cond-expr","locations":[{"start":{"line":13,"column":27},"end":{"line":13,"column":31}},{"start":{"line":13,"column":34},"end":{"line":13,"column":268}}]}},"s":{"0":1,"1":1,"2":5,"3":5,"4":5,"5":1},"f":{"0":5,"1":5},"b":{"0":[0,5]}}
,"F:\\Programming Task\\Projects\\e2b-translator-complete\\e2b-translator\\src\\pages\\Loginpage.tsx": {"path":"F:\\Programming Task\\Projects\\e2b-translator-complete\\e2b-translator\\src\\pages\\Loginpage.tsx","statementMap":{"0":{"start":{"line":1,"column":0},"end":{"line":1,"column":40}},"1":{"start":{"line":2,"column":0},"end":{"line":2,"column":27}},"2":{"start":{"line":3,"column":0},"end":{"line":3,"column":42}},"3":{"start":{"line":11,"column":13},"end":{"line":14,"column":2}},"4":{"start":{"line":17,"column":30},"end":{"line":17,"column":86}},"5":{"start":{"line":19,"column":25},"end":{"line":39,"column":5}},"6":{"start":{"line":20,"column":26},"end":{"line":20,"column":34}},"7":{"start":{"line":22,"column":8},"end":{"line":38,"column":null}},"8":{"start":{"line":23,"column":31},"end":{"line":23,"column":76}},"9":{"start":{"line":24,"column":12},"end":{"line":28,"column":null}},"10":{"start":{"line":25,"column":16},"end":{"line":25,"column":148}},"11":{"start":{"line":27,"column":16},"end":{"line":27,"column":189}},"12":{"start":{"line":30,"column":12},"end":{"line":30,"column":19}},"13":{"start":{"line":32,"column":31},"end":{"line":32,"column":79}},"14":{"start":{"line":33,"column":12},"end":{"line":37,"column":null}},"15":{"start":{"line":34,"column":16},"end":{"line":34,"column":133}},"16":{"start":{"line":36,"column":16},"end":{"line":36,"column":192}},"17":{"start":{"line":40,"column":4},"end":{"line":64,"column":6}},"18":{"start":{"line":67,"column":0},"end":{"line":67,"column":25}}},"fnMap":{"0":{"name":"LoginPage","decl":{"start":{"line":16,"column":9},"end":{"line":16,"column":18}},"loc":{"start":{"line":16,"column":18},"end":{"line":65,"column":1}}},"1":{"name":"(anonymous_1)","decl":{"start":{"line":19,"column":25},"end":{"line":19,"column":30}},"loc":{"start":{"line":19,"column":42},"end":{"line":39,"column":5}}}},"branchMap":{"0":{"loc":{"start":{"line":22,"column":8},"end":{"line":38,"column":null}},"type":"if","locations":[{"start":{"line":22,"column":8},"end":{"line":38,"column":null}},{"start":{"line":31,"column":15},"end":{"line":38,"column":null}}]},"1":{"loc":{"start":{"line":24,"column":12},"end":{"line":28,"column":null}},"type":"if","locations":[{"start":{"line":24,"column":12},"end":{"line":28,"column":null}},{"start":{"line":26,"column":19},"end":{"line":28,"column":null}}]},"2":{"loc":{"start":{"line":25,"column":65},"end":{"line":25,"column":144}},"type":"cond-expr","locations":[{"start":{"line":25,"column":102},"end":{"line":25,"column":139}},{"start":{"line":25,"column":142},"end":{"line":25,"column":144}}]},"3":{"loc":{"start":{"line":27,"column":65},"end":{"line":27,"column":185}},"type":"cond-expr","locations":[{"start":{"line":27,"column":123},"end":{"line":27,"column":160}},{"start":{"line":27,"column":163},"end":{"line":27,"column":185}}]},"4":{"loc":{"start":{"line":33,"column":12},"end":{"line":37,"column":null}},"type":"if","locations":[{"start":{"line":33,"column":12},"end":{"line":37,"column":null}},{"start":{"line":35,"column":19},"end":{"line":37,"column":null}}]},"5":{"loc":{"start":{"line":34,"column":68},"end":{"line":34,"column":129}},"type":"cond-expr","locations":[{"start":{"line":34,"column":102},"end":{"line":34,"column":124}},{"start":{"line":34,"column":127},"end":{"line":34,"column":129}}]},"6":{"loc":{"start":{"line":36,"column":68},"end":{"line":36,"column":188}},"type":"cond-expr","locations":[{"start":{"line":36,"column":111},"end":{"line":36,"column":148}},{"start":{"line":36,"column":151},"end":{"line":36,"column":188}}]},"7":{"loc":{"start":{"line":58,"column":21},"end":{"line":58,"column":108}},"type":"cond-expr","locations":[{"start":{"line":58,"column":42},"end":{"line":58,"column":101}},{"start":{"line":58,"column":104},"end":{"line":58,"column":108}}]},"8":{"loc":{"start":{"line":59,"column":51},"end":{"line":59,"column":111}},"type":"cond-expr","locations":[{"start":{"line":59,"column":99},"end":{"line":59,"column":103}},{"start":{"line":59,"column":106},"end":{"line":59,"column":111}}]},"9":{"loc":{"start":{"line":59,"column":52},"end":{"line":59,"column":95}},"type":"binary-expr","locations":[{"start":{"line":59,"column":52},"end":{"line":59,"column":70}},{"start":{"line":59,"column":74},"end":{"line":59,"column":95}}]}},"s":{"0":1,"1":1,"2":1,"3":1,"4":5,"5":5,"6":4,"7":4,"8":2,"9":2,"10":1,"11":1,"12":2,"13":2,"14":2,"15":1,"16":1,"17":5,"18":1},"f":{"0":5,"1":4},"b":{"0":[2,2],"1":[1,1],"2":[1,0],"3":[0,1],"4":[1,1],"5":[0,1],"6":[1,0],"7":[3,2],"8":[2,3],"9":[5,4]}}
}
