TN:
SF:src\components\Header.tsx
FN:6,Header
FN:7,(anonymous_1)
FNF:2
FNH:2
FNDA:5,Header
FNDA:5,(anonymous_1)
DA:2,1
DA:3,1
DA:7,5
DA:9,5
DA:19,1
LF:5
LH:5
BRDA:13,0,0,0
BRDA:13,0,1,5
BRF:2
BRH:1
end_of_record
TN:
SF:src\pages\Loginpage.tsx
FN:16,LoginPage
FN:19,(anonymous_1)
FNF:2
FNH:2
FNDA:5,LoginPage
FNDA:4,(anonymous_1)
DA:1,1
DA:2,1
DA:3,1
DA:11,1
DA:17,5
DA:19,5
DA:20,4
DA:22,4
DA:23,2
DA:24,2
DA:25,1
DA:27,1
DA:30,2
DA:32,2
DA:33,2
DA:34,1
DA:36,1
DA:40,5
DA:67,1
LF:19
LH:19
BRDA:22,0,0,2
BRDA:22,0,1,2
BRDA:24,1,0,1
BRDA:24,1,1,1
BRDA:25,2,0,1
BRDA:25,2,1,0
BRDA:27,3,0,0
BRDA:27,3,1,1
BRDA:33,4,0,1
BRDA:33,4,1,1
BRDA:34,5,0,0
BRDA:34,5,1,1
BRDA:36,6,0,1
BRDA:36,6,1,0
BRDA:58,7,0,3
BRDA:58,7,1,2
BRDA:59,8,0,2
BRDA:59,8,1,3
BRDA:59,9,0,5
BRDA:59,9,1,4
BRF:20
BRH:16
end_of_record
